[debug] [2020-07-23T11:05:32.651Z] ----------------------------------------------------------------------
[debug] [2020-07-23T11:05:32.653Z] Command:       C:\Program Files\nodejs\node.exe C:\Users\sneha\AppData\Roaming\npm\node_modules\firebase-tools\lib\bin\firebase.js init
[debug] [2020-07-23T11:05:32.653Z] CLI Version:   8.6.0
[debug] [2020-07-23T11:05:32.653Z] Platform:      win32
[debug] [2020-07-23T11:05:32.653Z] Node Version:  v12.16.2
[debug] [2020-07-23T11:05:32.654Z] Time:          Thu Jul 23 2020 16:35:32 GMT+0530 (India Standard Time)
[debug] [2020-07-23T11:05:32.654Z] ----------------------------------------------------------------------
[debug] [2020-07-23T11:05:32.654Z] 
[debug] [2020-07-23T11:05:32.660Z] > command requires scopes: ["email","openid","https://www.googleapis.com/auth/cloudplatformprojects.readonly","https://www.googleapis.com/auth/firebase","https://www.googleapis.com/auth/cloud-platform"]
[debug] [2020-07-23T11:05:32.661Z] > authorizing via signed-in user
[info] 
     ######## #### ########  ######## ########     ###     ######  ########
     ##        ##  ##     ## ##       ##     ##  ##   ##  ##       ##
     ######    ##  ########  ######   ########  #########  ######  ######
     ##        ##  ##    ##  ##       ##     ## ##     ##       ## ##
     ##       #### ##     ## ######## ########  ##     ##  ######  ########

You're about to initialize a Firebase project in this directory:

  C:\Users\sneha\Angular\angularfirebase-authentication-master

[info] 
=== Project Setup
[info] 
[info] First, let's associate this project directory with a Firebase project.
[info] You can create multiple project aliases by running firebase use --add, 
[info] but for now we'll just set up a default project.
[info] 
[debug] [2020-07-23T11:05:53.172Z] > refreshing access token with scopes: ["email","https://www.googleapis.com/auth/cloud-platform","https://www.googleapis.com/auth/cloudplatformprojects.readonly","https://www.googleapis.com/auth/firebase","openid"]
[debug] [2020-07-23T11:05:53.172Z] >>> HTTP REQUEST POST https://www.googleapis.com/oauth2/v3/token  
 <request body omitted>
[debug] [2020-07-23T11:05:53.917Z] <<< HTTP RESPONSE 200 {"content-type":"application/json; charset=utf-8","vary":"X-Origin, Referer, Origin,Accept-Encoding","date":"Thu, 23 Jul 2020 11:05:52 GMT","server":"scaffolding on HTTPServer2","cache-control":"private","x-xss-protection":"0","x-frame-options":"SAMEORIGIN","x-content-type-options":"nosniff","alt-svc":"h3-29=\":443\"; ma=2592000,h3-27=\":443\"; ma=2592000,h3-25=\":443\"; ma=2592000,h3-T050=\":443\"; ma=2592000,h3-Q050=\":443\"; ma=2592000,h3-Q046=\":443\"; ma=2592000,h3-Q043=\":443\"; ma=2592000,quic=\":443\"; ma=2592000; v=\"46,43\"","accept-ranges":"none","transfer-encoding":"chunked"}
[debug] [2020-07-23T11:05:53.925Z] >>> HTTP REQUEST GET https://firebase.googleapis.com/v1beta1/projects?pageSize=100  
 
[debug] [2020-07-23T11:05:55.145Z] <<< HTTP RESPONSE 200 {"content-type":"application/json; charset=UTF-8","vary":"X-Origin, Referer, Origin,Accept-Encoding","date":"Thu, 23 Jul 2020 11:05:53 GMT","server":"ESF","cache-control":"private","x-xss-protection":"0","x-frame-options":"SAMEORIGIN","x-content-type-options":"nosniff","alt-svc":"h3-29=\":443\"; ma=2592000,h3-27=\":443\"; ma=2592000,h3-T050=\":443\"; ma=2592000,h3-Q050=\":443\"; ma=2592000,h3-Q046=\":443\"; ma=2592000,h3-Q043=\":443\"; ma=2592000,quic=\":443\"; ma=2592000; v=\"46,43\"","accept-ranges":"none","transfer-encoding":"chunked"}
[info] i  Using project budget-guru-c8aa4 (Budget-Guru) 
[info] 
=== Database Setup
[info] 
[info] Firebase Realtime Database Rules allow you to define how your data should be
[info] structured and when your data can be read from and written to.
[info] 
[debug] [2020-07-23T11:07:00.103Z] >>> HTTP REQUEST GET https://budget-guru-c8aa4.firebaseio.com/.settings/rules.json  
 
[debug] [2020-07-23T11:07:02.355Z] <<< HTTP RESPONSE 200 {"server":"nginx","date":"Thu, 23 Jul 2020 11:07:00 GMT","content-type":"application/json; charset=utf-8","content-length":"58","connection":"keep-alive","access-control-allow-origin":"*","cache-control":"no-cache","strict-transport-security":"max-age=31556926; includeSubDomains; preload"}
[debug] [2020-07-23T11:18:22.980Z] ----------------------------------------------------------------------
[debug] [2020-07-23T11:18:22.981Z] Command:       C:\Program Files\nodejs\node.exe C:\Users\sneha\AppData\Roaming\npm\node_modules\firebase-tools\lib\bin\firebase.js deploy
[debug] [2020-07-23T11:18:22.981Z] CLI Version:   8.6.0
[debug] [2020-07-23T11:18:22.981Z] Platform:      win32
[debug] [2020-07-23T11:18:22.981Z] Node Version:  v12.16.2
[debug] [2020-07-23T11:18:22.982Z] Time:          Thu Jul 23 2020 16:48:22 GMT+0530 (India Standard Time)
[debug] [2020-07-23T11:18:22.983Z] ----------------------------------------------------------------------
[debug] [2020-07-23T11:18:22.983Z] 
[debug] [2020-07-23T11:18:22.989Z] > command requires scopes: ["email","openid","https://www.googleapis.com/auth/cloudplatformprojects.readonly","https://www.googleapis.com/auth/firebase","https://www.googleapis.com/auth/cloud-platform"]
[debug] [2020-07-23T11:18:22.990Z] > authorizing via signed-in user
[debug] [2020-07-23T11:18:22.990Z] [iam] checking project budget-guru-c8aa4 for permissions ["firebase.projects.get","firebasedatabase.instances.update"]
[debug] [2020-07-23T11:18:22.992Z] >>> HTTP REQUEST POST https://cloudresourcemanager.googleapis.com/v1/projects/budget-guru-c8aa4:testIamPermissions  
 {"permissions":["firebase.projects.get","firebasedatabase.instances.update"]}
[debug] [2020-07-23T11:18:25.532Z] <<< HTTP RESPONSE 200 {"content-type":"application/json; charset=UTF-8","vary":"X-Origin, Referer, Origin,Accept-Encoding","date":"Thu, 23 Jul 2020 11:18:24 GMT","server":"ESF","cache-control":"private","x-xss-protection":"0","x-frame-options":"SAMEORIGIN","x-content-type-options":"nosniff","server-timing":"gfet4t7; dur=1335","alt-svc":"h3-29=\":443\"; ma=2592000,h3-27=\":443\"; ma=2592000,h3-T050=\":443\"; ma=2592000,h3-Q050=\":443\"; ma=2592000,h3-Q046=\":443\"; ma=2592000,h3-Q043=\":443\"; ma=2592000,quic=\":443\"; ma=2592000; v=\"46,43\"","accept-ranges":"none","transfer-encoding":"chunked"}
[debug] [2020-07-23T11:18:25.533Z] >>> HTTP REQUEST GET https://firebase.googleapis.com/v1beta1/projects/budget-guru-c8aa4  
 
[debug] [2020-07-23T11:18:26.478Z] <<< HTTP RESPONSE 200 {"content-type":"application/json; charset=UTF-8","vary":"X-Origin, Referer, Origin,Accept-Encoding","date":"Thu, 23 Jul 2020 11:18:25 GMT","server":"ESF","cache-control":"private","x-xss-protection":"0","x-frame-options":"SAMEORIGIN","x-content-type-options":"nosniff","alt-svc":"h3-29=\":443\"; ma=2592000,h3-27=\":443\"; ma=2592000,h3-T050=\":443\"; ma=2592000,h3-Q050=\":443\"; ma=2592000,h3-Q046=\":443\"; ma=2592000,h3-Q043=\":443\"; ma=2592000,quic=\":443\"; ma=2592000; v=\"46,43\"","accept-ranges":"none","transfer-encoding":"chunked"}
[info] 
[info] === Deploying to 'budget-guru-c8aa4'...
[info] 
[info] i  deploying database 
[info] i  database: checking rules syntax... 
[debug] [2020-07-23T11:18:26.486Z] >>> HTTP REQUEST PUT https://budget-guru-c8aa4.firebaseio.com/.settings/rules.json?dryRun=true  
 {
  "rules": {
    ".read": true,
    ".write": true
  }
}

[debug] [2020-07-23T11:18:28.706Z] <<< HTTP RESPONSE 200 {"server":"nginx","date":"Thu, 23 Jul 2020 11:18:27 GMT","content-type":"application/json; charset=utf-8","content-length":"15","connection":"keep-alive","access-control-allow-origin":"*","cache-control":"no-cache","strict-transport-security":"max-age=31556926; includeSubDomains; preload"}
